  Held-Karp.cpp
C:\Users\SuperCiuper\Documents\GitHub\PEAproject\Code\Held-Karp\Held-Karp.cpp(53,56): warning C4244: 'argument': conversion from '__int64' to 'const unsigned int', possible loss of data
C:\Users\SuperCiuper\Documents\GitHub\PEAproject\Code\Held-Karp\Held-Karp.cpp(55,78): warning C4244: 'argument': conversion from '__int64' to 'const unsigned int', possible loss of data
C:\Users\SuperCiuper\Documents\GitHub\PEAproject\Code\Held-Karp\Held-Karp.cpp(55,129): warning C4244: 'argument': conversion from '__int64' to 'const unsigned int', possible loss of data
C:\Users\SuperCiuper\Documents\GitHub\PEAproject\Code\Held-Karp\Held-Karp.cpp(56,67): warning C4244: 'argument': conversion from '__int64' to 'const unsigned int', possible loss of data
C:\Users\SuperCiuper\Documents\GitHub\PEAproject\Code\Held-Karp\Held-Karp.cpp(60,66): warning C4244: 'argument': conversion from '__int64' to 'const unsigned int', possible loss of data
C:\Users\SuperCiuper\Documents\GitHub\PEAproject\Code\Held-Karp\Held-Karp.cpp(84,60): warning C4244: 'argument': conversion from '__int64' to 'const unsigned int', possible loss of data
C:\Users\SuperCiuper\Documents\GitHub\PEAproject\Code\Held-Karp\Held-Karp.cpp(84,106): warning C4244: 'argument': conversion from '__int64' to 'const unsigned int', possible loss of data
C:\Program Files (x86)\Microsoft Visual Studio\2019\Community\VC\Tools\MSVC\14.29.30133\include\utility(249,16): warning C4244: 'initializing': conversion from '_Ty' to '_Ty1', possible loss of data
          with
          [
              _Ty=__int64
          ]
          and
          [
              _Ty1=int
          ]
C:\Program Files (x86)\Microsoft Visual Studio\2019\Community\VC\Tools\MSVC\14.29.30133\include\utility(249): message : see reference to function template instantiation 'std::pair<int,__int64>::pair<__int64,__int64,0>(std::pair<__int64,__int64> &&) noexcept' being compiled
C:\Program Files (x86)\Microsoft Visual Studio\2019\Community\VC\Tools\MSVC\14.29.30133\include\utility(249): message : see reference to function template instantiation 'std::pair<int,__int64>::pair<__int64,__int64,0>(std::pair<__int64,__int64> &&) noexcept' being compiled
C:\Users\SuperCiuper\Documents\GitHub\PEAproject\Code\Held-Karp\Held-Karp.cpp(62): message : see reference to function template instantiation 'std::pair<__int64,std::pair<int,__int64>>::pair<__int64,std::pair<__int64,__int64>,0>(std::pair<__int64,std::pair<__int64,__int64>> &&) noexcept' being compiled
C:\Users\SuperCiuper\Documents\GitHub\PEAproject\Code\Held-Karp\Held-Karp.cpp(62): message : see reference to function template instantiation 'std::pair<__int64,std::pair<int,__int64>>::pair<__int64,std::pair<__int64,__int64>,0>(std::pair<__int64,std::pair<__int64,__int64>> &&) noexcept' being compiled
  Held-Karp.vcxproj -> C:\Users\SuperCiuper\Documents\GitHub\PEAproject\Code\Debug\Held-Karp.exe
