  Held-Karp.cpp
C:\Users\SuperCiuper\Documents\GitHub\PEAproject\Code\Held-Karp\Held-Karp.cpp(53,56): warning C4244: 'argument': conversion from '__int64' to 'const unsigned int', possible loss of data
C:\Users\SuperCiuper\Documents\GitHub\PEAproject\Code\Held-Karp\Held-Karp.cpp(55,78): warning C4244: 'argument': conversion from '__int64' to 'const unsigned int', possible loss of data
C:\Users\SuperCiuper\Documents\GitHub\PEAproject\Code\Held-Karp\Held-Karp.cpp(55,129): warning C4244: 'argument': conversion from '__int64' to 'const unsigned int', possible loss of data
C:\Users\SuperCiuper\Documents\GitHub\PEAproject\Code\Held-Karp\Held-Karp.cpp(56,67): warning C4244: 'argument': conversion from '__int64' to 'const unsigned int', possible loss of data
C:\Users\SuperCiuper\Documents\GitHub\PEAproject\Code\Held-Karp\Held-Karp.cpp(56,45): warning C4244: '=': conversion from '__int64' to 'int', possible loss of data
C:\Users\SuperCiuper\Documents\GitHub\PEAproject\Code\Held-Karp\Held-Karp.cpp(60,66): warning C4244: 'argument': conversion from '__int64' to 'const unsigned int', possible loss of data
C:\Users\SuperCiuper\Documents\GitHub\PEAproject\Code\Held-Karp\Held-Karp.cpp(84,60): warning C4244: 'argument': conversion from '__int64' to 'const unsigned int', possible loss of data
C:\Users\SuperCiuper\Documents\GitHub\PEAproject\Code\Held-Karp\Held-Karp.cpp(84,106): warning C4244: 'argument': conversion from '__int64' to 'const unsigned int', possible loss of data
C:\Program Files (x86)\Microsoft Visual Studio\2019\Community\VC\Tools\MSVC\14.29.30133\include\utility(249,16): warning C4244: 'initializing': conversion from '_Ty' to '_Ty1', possible loss of data
          with
          [
              _Ty=__int64
          ]
          and
          [
              _Ty1=int
          ]
C:\Users\SuperCiuper\Documents\GitHub\PEAproject\Code\Held-Karp\Held-Karp.cpp(32): message : see reference to function template instantiation 'std::pair<int,std::pair<int,int>>::pair<__int64,std::pair<int,int>,0>(std::pair<__int64,std::pair<int,int>> &&) noexcept' being compiled
C:\Users\SuperCiuper\Documents\GitHub\PEAproject\Code\Held-Karp\Held-Karp.cpp(32): message : see reference to function template instantiation 'std::pair<int,std::pair<int,int>>::pair<__int64,std::pair<int,int>,0>(std::pair<__int64,std::pair<int,int>> &&) noexcept' being compiled
  Generating code
  97 of 150 functions (64.7%) were compiled, the rest were copied from previous compilation.
    87 functions were new in current compilation
    5 functions had inline decision re-evaluated but remain unchanged
  Finished generating code
  Held-Karp.vcxproj -> C:\Users\SuperCiuper\Documents\GitHub\PEAproject\Code\Release\Held-Karp.exe
